<?xml version="1.0" encoding="UTF-8"?>
<testng-results skipped="0" failed="0" ignored="0" total="2" passed="2">
  <reporter-output>
  </reporter-output>
  <suite name="Default suite" duration-ms="15814" started-at="2021-11-11T18:27:56 IST" finished-at="2021-11-11T18:28:12 IST">
    <groups>
    </groups>
    <test name="Default test" duration-ms="15814" started-at="2021-11-11T18:27:56 IST" finished-at="2021-11-11T18:28:12 IST">
      <class name="fifthScenario.Datatable1">
        <test-method status="PASS" signature="beforeTest()[pri:0, instance:fifthScenario.Datatable1@1563da5]" name="beforeTest" is-config="true" duration-ms="6845" started-at="2021-11-11T18:27:56 IST" finished-at="2021-11-11T18:28:03 IST">
          <reporter-output>
          </reporter-output>
        </test-method> <!-- beforeTest -->
        <test-method status="PASS" signature="entries()[pri:1, instance:fifthScenario.Datatable1@1563da5]" name="entries" duration-ms="5904" started-at="2021-11-11T18:28:03 IST" finished-at="2021-11-11T18:28:09 IST">
          <reporter-output>
          </reporter-output>
        </test-method> <!-- entries -->
        <test-method status="PASS" signature="dataofSoftengg()[pri:2, instance:fifthScenario.Datatable1@1563da5]" name="dataofSoftengg" duration-ms="1727" started-at="2021-11-11T18:28:09 IST" finished-at="2021-11-11T18:28:11 IST">
          <reporter-output>
          </reporter-output>
        </test-method> <!-- dataofSoftengg -->
        <test-method status="PASS" signature="afterTest()[pri:0, instance:fifthScenario.Datatable1@1563da5]" name="afterTest" is-config="true" duration-ms="1189" started-at="2021-11-11T18:28:11 IST" finished-at="2021-11-11T18:28:12 IST">
          <reporter-output>
          </reporter-output>
        </test-method> <!-- afterTest -->
      </class> <!-- fifthScenario.Datatable1 -->
    </test> <!-- Default test -->
  </suite> <!-- Default suite -->
</testng-results>
